[2015-09-27 21:17:46,510][INFO ][node                     ] [Shadowcat] version[1.7.2], pid[4375], build[e43676b/2015-09-14T09:49:53Z]
[2015-09-27 21:17:46,511][INFO ][node                     ] [Shadowcat] initializing ...
[2015-09-27 21:17:46,708][INFO ][plugins                  ] [Shadowcat] loaded [], sites []
[2015-09-27 21:17:46,802][INFO ][env                      ] [Shadowcat] using [1] data paths, mounts [[/ (/dev/disk0s2)]], net usable_space [6.6gb], net total_space [112.1gb], types [hfs]
[2015-09-27 21:17:50,875][INFO ][node                     ] [Shadowcat] initialized
[2015-09-27 21:17:50,875][INFO ][node                     ] [Shadowcat] starting ...
[2015-09-27 21:17:51,069][INFO ][transport                ] [Shadowcat] bound_address {inet[/0:0:0:0:0:0:0:0:9301]}, publish_address {inet[/192.168.8.100:9301]}
[2015-09-27 21:17:51,105][INFO ][discovery                ] [Shadowcat] elasticsearch/XT4KgzEaSaCUshKk7oERGw
[2015-09-27 21:17:54,223][INFO ][discovery.zen            ] [Shadowcat] failed to send join request to master [[Cadaver][F--gvIAMSd6F6nLzqH5t3Q][ayyash-3.local][inet[/192.168.8.100:9300]]], reason [NodeDisconnectedException[[Cadaver][inet[/192.168.8.100:9300]][internal:discovery/zen/join] disconnected]]
[2015-09-27 21:17:57,994][INFO ][cluster.service          ] [Shadowcat] new_master [Shadowcat][XT4KgzEaSaCUshKk7oERGw][ayyash-3.local][inet[/192.168.8.100:9301]], reason: zen-disco-join (elected_as_master)
[2015-09-27 21:17:58,028][INFO ][http                     ] [Shadowcat] bound_address {inet[/0:0:0:0:0:0:0:0:9200]}, publish_address {inet[/192.168.8.100:9200]}
[2015-09-27 21:17:58,028][INFO ][node                     ] [Shadowcat] started
[2015-09-27 21:17:58,065][INFO ][gateway                  ] [Shadowcat] recovered [0] indices into cluster_state
[2015-09-27 21:18:20,608][DEBUG][action.admin.cluster.health] [Shadowcat] observer: timeout notification from cluster service. timeout setting [5s], time since start [5s]
[2015-09-27 21:18:28,009][WARN ][cluster.routing.allocation.decider] [Shadowcat] high disk watermark [90%] exceeded on [XT4KgzEaSaCUshKk7oERGw][Shadowcat] free: 6.6gb[5.9%], shards will be relocated away from this node
[2015-09-27 21:18:28,009][INFO ][cluster.routing.allocation.decider] [Shadowcat] high disk watermark exceeded on one or more nodes, rerouting shards
[2015-09-27 21:18:58,002][WARN ][cluster.routing.allocation.decider] [Shadowcat] high disk watermark [90%] exceeded on [XT4KgzEaSaCUshKk7oERGw][Shadowcat] free: 6.6gb[5.9%], shards will be relocated away from this node
[2015-09-27 21:19:28,001][WARN ][cluster.routing.allocation.decider] [Shadowcat] high disk watermark [90%] exceeded on [XT4KgzEaSaCUshKk7oERGw][Shadowcat] free: 6.6gb[5.9%], shards will be relocated away from this node
[2015-09-27 21:19:58,000][WARN ][cluster.routing.allocation.decider] [Shadowcat] high disk watermark [90%] exceeded on [XT4KgzEaSaCUshKk7oERGw][Shadowcat] free: 6.6gb[5.9%], shards will be relocated away from this node
[2015-09-27 21:19:58,001][INFO ][cluster.routing.allocation.decider] [Shadowcat] high disk watermark exceeded on one or more nodes, rerouting shards
[2015-09-27 21:20:25,013][INFO ][node                     ] [Shadowcat] stopping ...
[2015-09-27 21:20:25,031][INFO ][node                     ] [Shadowcat] stopped
[2015-09-27 21:20:25,032][INFO ][node                     ] [Shadowcat] closing ...
[2015-09-27 21:20:25,043][INFO ][node                     ] [Shadowcat] closed
[2015-09-27 21:58:02,945][INFO ][node                     ] [Styx and Stone] version[1.7.2], pid[5844], build[e43676b/2015-09-14T09:49:53Z]
[2015-09-27 21:58:02,946][INFO ][node                     ] [Styx and Stone] initializing ...
[2015-09-27 21:58:03,112][INFO ][plugins                  ] [Styx and Stone] loaded [], sites []
[2015-09-27 21:58:03,183][INFO ][env                      ] [Styx and Stone] using [1] data paths, mounts [[/ (/dev/disk0s2)]], net usable_space [6.6gb], net total_space [112.1gb], types [hfs]
[2015-09-27 21:58:27,602][INFO ][node                     ] [Overkill] version[1.7.2], pid[5880], build[e43676b/2015-09-14T09:49:53Z]
[2015-09-27 21:58:27,603][INFO ][node                     ] [Overkill] initializing ...
[2015-09-27 21:58:27,705][INFO ][plugins                  ] [Overkill] loaded [], sites []
[2015-09-27 21:58:27,759][INFO ][env                      ] [Overkill] using [1] data paths, mounts [[/ (/dev/disk0s2)]], net usable_space [6.6gb], net total_space [112.1gb], types [hfs]
[2015-09-27 21:58:30,870][INFO ][node                     ] [Overkill] initialized
[2015-09-27 21:58:30,873][INFO ][node                     ] [Overkill] starting ...
[2015-09-27 21:58:31,022][INFO ][transport                ] [Overkill] bound_address {inet[/0:0:0:0:0:0:0:0:9300]}, publish_address {inet[/192.168.8.100:9300]}
[2015-09-27 21:58:31,059][INFO ][discovery                ] [Overkill] elasticsearch/42uLobJITyOX_bciyPt3Tw
[2015-09-27 21:58:34,851][INFO ][cluster.service          ] [Overkill] new_master [Overkill][42uLobJITyOX_bciyPt3Tw][ayyash-3.local][inet[/192.168.8.100:9300]], reason: zen-disco-join (elected_as_master)
[2015-09-27 21:58:34,875][INFO ][http                     ] [Overkill] bound_address {inet[/0:0:0:0:0:0:0:0:9200]}, publish_address {inet[/192.168.8.100:9200]}
[2015-09-27 21:58:34,876][INFO ][node                     ] [Overkill] started
[2015-09-27 21:58:34,889][INFO ][gateway                  ] [Overkill] recovered [0] indices into cluster_state
[2015-09-27 21:59:03,596][INFO ][node                     ] [Robert "Bobby" Drake] version[1.7.2], pid[5911], build[e43676b/2015-09-14T09:49:53Z]
[2015-09-27 21:59:03,597][INFO ][node                     ] [Robert "Bobby" Drake] initializing ...
[2015-09-27 21:59:03,721][INFO ][plugins                  ] [Robert "Bobby" Drake] loaded [], sites []
[2015-09-27 21:59:03,786][INFO ][env                      ] [Robert "Bobby" Drake] using [1] data paths, mounts [[/ (/dev/disk0s2)]], net usable_space [6.6gb], net total_space [112.1gb], types [hfs]
[2015-09-27 21:59:04,869][WARN ][cluster.routing.allocation.decider] [Overkill] high disk watermark [90%] exceeded on [42uLobJITyOX_bciyPt3Tw][Overkill] free: 6.6gb[5.8%], shards will be relocated away from this node
[2015-09-27 21:59:04,869][INFO ][cluster.routing.allocation.decider] [Overkill] high disk watermark exceeded on one or more nodes, rerouting shards
[2015-09-27 21:59:34,857][WARN ][cluster.routing.allocation.decider] [Overkill] high disk watermark [90%] exceeded on [42uLobJITyOX_bciyPt3Tw][Overkill] free: 6.6gb[5.8%], shards will be relocated away from this node
[2015-09-27 21:59:59,738][INFO ][node                     ] [Overkill] stopping ...
[2015-09-27 21:59:59,759][INFO ][node                     ] [Overkill] stopped
[2015-09-27 21:59:59,759][INFO ][node                     ] [Overkill] closing ...
[2015-09-27 21:59:59,766][INFO ][node                     ] [Overkill] closed
[2015-09-27 22:00:22,653][INFO ][node                     ] [Letha] version[1.7.2], pid[5990], build[e43676b/2015-09-14T09:49:53Z]
[2015-09-27 22:00:22,654][INFO ][node                     ] [Letha] initializing ...
[2015-09-27 22:00:22,760][INFO ][plugins                  ] [Letha] loaded [], sites []
[2015-09-27 22:00:22,825][INFO ][env                      ] [Letha] using [1] data paths, mounts [[/ (/dev/disk0s2)]], net usable_space [6.6gb], net total_space [112.1gb], types [hfs]
[2015-09-27 22:00:25,727][INFO ][node                     ] [Letha] initialized
[2015-09-27 22:00:25,728][INFO ][node                     ] [Letha] starting ...
[2015-09-27 22:00:25,845][INFO ][transport                ] [Letha] bound_address {inet[/0:0:0:0:0:0:0:0:9300]}, publish_address {inet[/192.168.8.100:9300]}
[2015-09-27 22:00:25,877][INFO ][discovery                ] [Letha] elasticsearch/JvrsZgGDTrq4yylAh641hw
[2015-09-27 22:00:29,664][INFO ][cluster.service          ] [Letha] new_master [Letha][JvrsZgGDTrq4yylAh641hw][ayyash-3.local][inet[/192.168.8.100:9300]], reason: zen-disco-join (elected_as_master)
[2015-09-27 22:00:29,685][INFO ][http                     ] [Letha] bound_address {inet[/0:0:0:0:0:0:0:0:9200]}, publish_address {inet[/192.168.8.100:9200]}
[2015-09-27 22:00:29,685][INFO ][node                     ] [Letha] started
[2015-09-27 22:00:29,699][INFO ][gateway                  ] [Letha] recovered [0] indices into cluster_state
[2015-09-27 22:00:59,674][WARN ][cluster.routing.allocation.decider] [Letha] high disk watermark [90%] exceeded on [JvrsZgGDTrq4yylAh641hw][Letha] free: 6.6gb[5.8%], shards will be relocated away from this node
[2015-09-27 22:00:59,676][INFO ][cluster.routing.allocation.decider] [Letha] high disk watermark exceeded on one or more nodes, rerouting shards
[2015-09-27 22:01:29,668][WARN ][cluster.routing.allocation.decider] [Letha] high disk watermark [90%] exceeded on [JvrsZgGDTrq4yylAh641hw][Letha] free: 6.6gb[5.8%], shards will be relocated away from this node
[2015-09-27 22:01:59,670][WARN ][cluster.routing.allocation.decider] [Letha] high disk watermark [90%] exceeded on [JvrsZgGDTrq4yylAh641hw][Letha] free: 6.6gb[5.8%], shards will be relocated away from this node
[2015-09-27 22:01:59,672][INFO ][cluster.routing.allocation.decider] [Letha] high disk watermark exceeded on one or more nodes, rerouting shards
[2015-09-27 22:02:29,665][WARN ][cluster.routing.allocation.decider] [Letha] high disk watermark [90%] exceeded on [JvrsZgGDTrq4yylAh641hw][Letha] free: 6.6gb[5.8%], shards will be relocated away from this node
[2015-09-27 22:02:59,665][WARN ][cluster.routing.allocation.decider] [Letha] high disk watermark [90%] exceeded on [JvrsZgGDTrq4yylAh641hw][Letha] free: 6.6gb[5.8%], shards will be relocated away from this node
[2015-09-27 22:03:29,664][WARN ][cluster.routing.allocation.decider] [Letha] high disk watermark [90%] exceeded on [JvrsZgGDTrq4yylAh641hw][Letha] free: 6.6gb[5.8%], shards will be relocated away from this node
[2015-09-27 22:03:29,665][INFO ][cluster.routing.allocation.decider] [Letha] high disk watermark exceeded on one or more nodes, rerouting shards
[2015-09-27 22:03:39,439][INFO ][cluster.metadata         ] [Letha] [toychat] creating index, cause [auto(bulk api)], templates [], shards [5]/[1], mappings [toychat]
[2015-09-27 22:03:40,038][INFO ][cluster.metadata         ] [Letha] [toychat] update_mapping [toychat] (dynamic)
[2015-09-27 22:03:59,672][WARN ][cluster.routing.allocation.decider] [Letha] high disk watermark [90%] exceeded on [JvrsZgGDTrq4yylAh641hw][Letha] free: 6.6gb[5.8%], shards will be relocated away from this node
[2015-09-27 22:04:29,664][WARN ][cluster.routing.allocation.decider] [Letha] high disk watermark [90%] exceeded on [JvrsZgGDTrq4yylAh641hw][Letha] free: 6.6gb[5.8%], shards will be relocated away from this node
[2015-09-27 22:04:29,665][INFO ][cluster.routing.allocation.decider] [Letha] high disk watermark exceeded on one or more nodes, rerouting shards
[2015-09-27 22:04:59,664][WARN ][cluster.routing.allocation.decider] [Letha] high disk watermark [90%] exceeded on [JvrsZgGDTrq4yylAh641hw][Letha] free: 6.6gb[5.8%], shards will be relocated away from this node
[2015-09-27 22:05:29,663][WARN ][cluster.routing.allocation.decider] [Letha] high disk watermark [90%] exceeded on [JvrsZgGDTrq4yylAh641hw][Letha] free: 6.6gb[5.8%], shards will be relocated away from this node
[2015-09-27 22:05:29,663][INFO ][cluster.routing.allocation.decider] [Letha] high disk watermark exceeded on one or more nodes, rerouting shards
[2015-09-27 22:05:59,661][WARN ][cluster.routing.allocation.decider] [Letha] high disk watermark [90%] exceeded on [JvrsZgGDTrq4yylAh641hw][Letha] free: 6.6gb[5.8%], shards will be relocated away from this node
[2015-09-27 22:06:29,662][WARN ][cluster.routing.allocation.decider] [Letha] high disk watermark [90%] exceeded on [JvrsZgGDTrq4yylAh641hw][Letha] free: 6.6gb[5.8%], shards will be relocated away from this node
[2015-09-27 22:06:29,663][INFO ][cluster.routing.allocation.decider] [Letha] high disk watermark exceeded on one or more nodes, rerouting shards
[2015-09-27 22:06:59,661][WARN ][cluster.routing.allocation.decider] [Letha] high disk watermark [90%] exceeded on [JvrsZgGDTrq4yylAh641hw][Letha] free: 6.6gb[5.8%], shards will be relocated away from this node
[2015-09-27 22:07:29,660][WARN ][cluster.routing.allocation.decider] [Letha] high disk watermark [90%] exceeded on [JvrsZgGDTrq4yylAh641hw][Letha] free: 6.6gb[5.8%], shards will be relocated away from this node
[2015-09-27 22:07:29,662][INFO ][cluster.routing.allocation.decider] [Letha] high disk watermark exceeded on one or more nodes, rerouting shards
[2015-09-27 22:07:59,660][WARN ][cluster.routing.allocation.decider] [Letha] high disk watermark [90%] exceeded on [JvrsZgGDTrq4yylAh641hw][Letha] free: 6.6gb[5.8%], shards will be relocated away from this node
[2015-09-27 22:08:29,658][WARN ][cluster.routing.allocation.decider] [Letha] high disk watermark [90%] exceeded on [JvrsZgGDTrq4yylAh641hw][Letha] free: 6.6gb[5.8%], shards will be relocated away from this node
[2015-09-27 22:08:29,658][INFO ][cluster.routing.allocation.decider] [Letha] high disk watermark exceeded on one or more nodes, rerouting shards
[2015-09-27 22:08:59,658][WARN ][cluster.routing.allocation.decider] [Letha] high disk watermark [90%] exceeded on [JvrsZgGDTrq4yylAh641hw][Letha] free: 6.6gb[5.9%], shards will be relocated away from this node
[2015-09-27 22:09:29,659][WARN ][cluster.routing.allocation.decider] [Letha] high disk watermark [90%] exceeded on [JvrsZgGDTrq4yylAh641hw][Letha] free: 6.6gb[5.9%], shards will be relocated away from this node
[2015-09-27 22:09:29,659][INFO ][cluster.routing.allocation.decider] [Letha] high disk watermark exceeded on one or more nodes, rerouting shards
[2015-09-27 22:09:59,656][WARN ][cluster.routing.allocation.decider] [Letha] high disk watermark [90%] exceeded on [JvrsZgGDTrq4yylAh641hw][Letha] free: 6.6gb[5.9%], shards will be relocated away from this node
[2015-09-27 22:10:29,655][WARN ][cluster.routing.allocation.decider] [Letha] high disk watermark [90%] exceeded on [JvrsZgGDTrq4yylAh641hw][Letha] free: 6.6gb[5.9%], shards will be relocated away from this node
[2015-09-27 22:10:29,656][INFO ][cluster.routing.allocation.decider] [Letha] high disk watermark exceeded on one or more nodes, rerouting shards
[2015-09-27 22:10:59,654][WARN ][cluster.routing.allocation.decider] [Letha] high disk watermark [90%] exceeded on [JvrsZgGDTrq4yylAh641hw][Letha] free: 6.6gb[5.9%], shards will be relocated away from this node
[2015-09-27 22:11:29,653][WARN ][cluster.routing.allocation.decider] [Letha] high disk watermark [90%] exceeded on [JvrsZgGDTrq4yylAh641hw][Letha] free: 6.6gb[5.9%], shards will be relocated away from this node
[2015-09-27 22:11:29,653][INFO ][cluster.routing.allocation.decider] [Letha] high disk watermark exceeded on one or more nodes, rerouting shards
[2015-09-27 22:11:59,652][WARN ][cluster.routing.allocation.decider] [Letha] high disk watermark [90%] exceeded on [JvrsZgGDTrq4yylAh641hw][Letha] free: 6.6gb[5.9%], shards will be relocated away from this node
[2015-09-27 22:12:29,650][WARN ][cluster.routing.allocation.decider] [Letha] high disk watermark [90%] exceeded on [JvrsZgGDTrq4yylAh641hw][Letha] free: 6.6gb[5.9%], shards will be relocated away from this node
[2015-09-27 22:12:29,650][INFO ][cluster.routing.allocation.decider] [Letha] high disk watermark exceeded on one or more nodes, rerouting shards
[2015-09-27 22:12:59,649][WARN ][cluster.routing.allocation.decider] [Letha] high disk watermark [90%] exceeded on [JvrsZgGDTrq4yylAh641hw][Letha] free: 6.6gb[5.8%], shards will be relocated away from this node
[2015-09-27 22:13:29,647][WARN ][cluster.routing.allocation.decider] [Letha] high disk watermark [90%] exceeded on [JvrsZgGDTrq4yylAh641hw][Letha] free: 6.6gb[5.8%], shards will be relocated away from this node
[2015-09-27 22:13:29,648][INFO ][cluster.routing.allocation.decider] [Letha] high disk watermark exceeded on one or more nodes, rerouting shards
[2015-09-27 22:13:59,646][WARN ][cluster.routing.allocation.decider] [Letha] high disk watermark [90%] exceeded on [JvrsZgGDTrq4yylAh641hw][Letha] free: 6.6gb[5.8%], shards will be relocated away from this node
[2015-09-27 22:14:29,644][WARN ][cluster.routing.allocation.decider] [Letha] high disk watermark [90%] exceeded on [JvrsZgGDTrq4yylAh641hw][Letha] free: 6.6gb[5.8%], shards will be relocated away from this node
[2015-09-27 22:14:29,644][INFO ][cluster.routing.allocation.decider] [Letha] high disk watermark exceeded on one or more nodes, rerouting shards
[2015-09-27 22:14:59,666][WARN ][cluster.routing.allocation.decider] [Letha] high disk watermark [90%] exceeded on [JvrsZgGDTrq4yylAh641hw][Letha] free: 6.6gb[5.8%], shards will be relocated away from this node
[2015-09-27 22:15:29,642][WARN ][cluster.routing.allocation.decider] [Letha] high disk watermark [90%] exceeded on [JvrsZgGDTrq4yylAh641hw][Letha] free: 6.6gb[5.8%], shards will be relocated away from this node
[2015-09-27 22:15:29,643][INFO ][cluster.routing.allocation.decider] [Letha] high disk watermark exceeded on one or more nodes, rerouting shards
[2015-09-27 22:15:59,642][WARN ][cluster.routing.allocation.decider] [Letha] high disk watermark [90%] exceeded on [JvrsZgGDTrq4yylAh641hw][Letha] free: 6.6gb[5.8%], shards will be relocated away from this node
[2015-09-27 22:16:29,640][WARN ][cluster.routing.allocation.decider] [Letha] high disk watermark [90%] exceeded on [JvrsZgGDTrq4yylAh641hw][Letha] free: 6.6gb[5.8%], shards will be relocated away from this node
[2015-09-27 22:16:29,641][INFO ][cluster.routing.allocation.decider] [Letha] high disk watermark exceeded on one or more nodes, rerouting shards
[2015-09-27 22:16:59,639][WARN ][cluster.routing.allocation.decider] [Letha] high disk watermark [90%] exceeded on [JvrsZgGDTrq4yylAh641hw][Letha] free: 6.6gb[5.8%], shards will be relocated away from this node
[2015-09-27 22:17:29,637][WARN ][cluster.routing.allocation.decider] [Letha] high disk watermark [90%] exceeded on [JvrsZgGDTrq4yylAh641hw][Letha] free: 6.6gb[5.8%], shards will be relocated away from this node
[2015-09-27 22:17:29,637][INFO ][cluster.routing.allocation.decider] [Letha] high disk watermark exceeded on one or more nodes, rerouting shards
[2015-09-27 22:17:59,635][WARN ][cluster.routing.allocation.decider] [Letha] high disk watermark [90%] exceeded on [JvrsZgGDTrq4yylAh641hw][Letha] free: 6.6gb[5.8%], shards will be relocated away from this node
[2015-09-27 22:18:29,635][WARN ][cluster.routing.allocation.decider] [Letha] high disk watermark [90%] exceeded on [JvrsZgGDTrq4yylAh641hw][Letha] free: 6.6gb[5.8%], shards will be relocated away from this node
[2015-09-27 22:18:29,635][INFO ][cluster.routing.allocation.decider] [Letha] high disk watermark exceeded on one or more nodes, rerouting shards
[2015-09-27 22:18:59,633][WARN ][cluster.routing.allocation.decider] [Letha] high disk watermark [90%] exceeded on [JvrsZgGDTrq4yylAh641hw][Letha] free: 6.6gb[5.8%], shards will be relocated away from this node
[2015-09-27 22:19:29,633][WARN ][cluster.routing.allocation.decider] [Letha] high disk watermark [90%] exceeded on [JvrsZgGDTrq4yylAh641hw][Letha] free: 6.6gb[5.8%], shards will be relocated away from this node
[2015-09-27 22:19:29,633][INFO ][cluster.routing.allocation.decider] [Letha] high disk watermark exceeded on one or more nodes, rerouting shards
[2015-09-27 22:19:59,632][WARN ][cluster.routing.allocation.decider] [Letha] high disk watermark [90%] exceeded on [JvrsZgGDTrq4yylAh641hw][Letha] free: 6.6gb[5.8%], shards will be relocated away from this node
[2015-09-27 22:20:29,630][WARN ][cluster.routing.allocation.decider] [Letha] high disk watermark [90%] exceeded on [JvrsZgGDTrq4yylAh641hw][Letha] free: 6.6gb[5.8%], shards will be relocated away from this node
[2015-09-27 22:20:29,630][INFO ][cluster.routing.allocation.decider] [Letha] high disk watermark exceeded on one or more nodes, rerouting shards
[2015-09-27 22:20:59,630][WARN ][cluster.routing.allocation.decider] [Letha] high disk watermark [90%] exceeded on [JvrsZgGDTrq4yylAh641hw][Letha] free: 6.6gb[5.8%], shards will be relocated away from this node
[2015-09-27 22:21:29,629][WARN ][cluster.routing.allocation.decider] [Letha] high disk watermark [90%] exceeded on [JvrsZgGDTrq4yylAh641hw][Letha] free: 6.6gb[5.8%], shards will be relocated away from this node
[2015-09-27 22:21:29,629][INFO ][cluster.routing.allocation.decider] [Letha] high disk watermark exceeded on one or more nodes, rerouting shards
[2015-09-27 22:21:59,628][WARN ][cluster.routing.allocation.decider] [Letha] high disk watermark [90%] exceeded on [JvrsZgGDTrq4yylAh641hw][Letha] free: 6.6gb[5.8%], shards will be relocated away from this node
[2015-09-27 22:22:29,626][WARN ][cluster.routing.allocation.decider] [Letha] high disk watermark [90%] exceeded on [JvrsZgGDTrq4yylAh641hw][Letha] free: 6.6gb[5.8%], shards will be relocated away from this node
[2015-09-27 22:22:29,627][INFO ][cluster.routing.allocation.decider] [Letha] high disk watermark exceeded on one or more nodes, rerouting shards
[2015-09-27 22:22:59,625][WARN ][cluster.routing.allocation.decider] [Letha] high disk watermark [90%] exceeded on [JvrsZgGDTrq4yylAh641hw][Letha] free: 6.6gb[5.8%], shards will be relocated away from this node
[2015-09-27 22:23:29,625][WARN ][cluster.routing.allocation.decider] [Letha] high disk watermark [90%] exceeded on [JvrsZgGDTrq4yylAh641hw][Letha] free: 6.6gb[5.8%], shards will be relocated away from this node
[2015-09-27 22:23:29,626][INFO ][cluster.routing.allocation.decider] [Letha] high disk watermark exceeded on one or more nodes, rerouting shards
[2015-09-27 22:23:53,353][DEBUG][action.admin.cluster.health] [Letha] observer: timeout notification from cluster service. timeout setting [5s], time since start [5s]
[2015-09-27 22:23:59,624][WARN ][cluster.routing.allocation.decider] [Letha] high disk watermark [90%] exceeded on [JvrsZgGDTrq4yylAh641hw][Letha] free: 6.6gb[5.8%], shards will be relocated away from this node
[2015-09-27 22:24:08,721][INFO ][cluster.metadata         ] [Letha] [.kibana] creating index, cause [api], templates [], shards [1]/[1], mappings []
[2015-09-27 22:24:08,896][INFO ][cluster.metadata         ] [Letha] [.kibana] update_mapping [config] (dynamic)
[2015-09-27 22:24:29,623][WARN ][cluster.routing.allocation.decider] [Letha] high disk watermark [90%] exceeded on [JvrsZgGDTrq4yylAh641hw][Letha] free: 6.6gb[5.8%], shards will be relocated away from this node
[2015-09-27 22:24:29,623][INFO ][cluster.routing.allocation.decider] [Letha] high disk watermark exceeded on one or more nodes, rerouting shards
[2015-09-27 22:24:59,622][WARN ][cluster.routing.allocation.decider] [Letha] high disk watermark [90%] exceeded on [JvrsZgGDTrq4yylAh641hw][Letha] free: 6.6gb[5.8%], shards will be relocated away from this node
[2015-09-27 22:25:29,622][WARN ][cluster.routing.allocation.decider] [Letha] high disk watermark [90%] exceeded on [JvrsZgGDTrq4yylAh641hw][Letha] free: 6.6gb[5.8%], shards will be relocated away from this node
[2015-09-27 22:25:29,622][INFO ][cluster.routing.allocation.decider] [Letha] high disk watermark exceeded on one or more nodes, rerouting shards
[2015-09-27 22:25:59,620][WARN ][cluster.routing.allocation.decider] [Letha] high disk watermark [90%] exceeded on [JvrsZgGDTrq4yylAh641hw][Letha] free: 6.6gb[5.8%], shards will be relocated away from this node
[2015-09-27 22:26:29,620][WARN ][cluster.routing.allocation.decider] [Letha] high disk watermark [90%] exceeded on [JvrsZgGDTrq4yylAh641hw][Letha] free: 6.6gb[5.8%], shards will be relocated away from this node
[2015-09-27 22:26:29,620][INFO ][cluster.routing.allocation.decider] [Letha] high disk watermark exceeded on one or more nodes, rerouting shards
[2015-09-27 22:26:59,619][WARN ][cluster.routing.allocation.decider] [Letha] high disk watermark [90%] exceeded on [JvrsZgGDTrq4yylAh641hw][Letha] free: 6.6gb[5.8%], shards will be relocated away from this node
[2015-09-27 22:27:29,618][WARN ][cluster.routing.allocation.decider] [Letha] high disk watermark [90%] exceeded on [JvrsZgGDTrq4yylAh641hw][Letha] free: 6.6gb[5.8%], shards will be relocated away from this node
[2015-09-27 22:27:29,619][INFO ][cluster.routing.allocation.decider] [Letha] high disk watermark exceeded on one or more nodes, rerouting shards
[2015-09-27 22:27:59,615][WARN ][cluster.routing.allocation.decider] [Letha] high disk watermark [90%] exceeded on [JvrsZgGDTrq4yylAh641hw][Letha] free: 6.6gb[5.8%], shards will be relocated away from this node
[2015-09-27 22:28:29,616][WARN ][cluster.routing.allocation.decider] [Letha] high disk watermark [90%] exceeded on [JvrsZgGDTrq4yylAh641hw][Letha] free: 6.6gb[5.8%], shards will be relocated away from this node
[2015-09-27 22:28:29,616][INFO ][cluster.routing.allocation.decider] [Letha] high disk watermark exceeded on one or more nodes, rerouting shards
[2015-09-27 22:28:59,615][WARN ][cluster.routing.allocation.decider] [Letha] high disk watermark [90%] exceeded on [JvrsZgGDTrq4yylAh641hw][Letha] free: 6.6gb[5.8%], shards will be relocated away from this node
[2015-09-27 22:29:29,614][WARN ][cluster.routing.allocation.decider] [Letha] high disk watermark [90%] exceeded on [JvrsZgGDTrq4yylAh641hw][Letha] free: 6.6gb[5.8%], shards will be relocated away from this node
[2015-09-27 22:29:29,615][INFO ][cluster.routing.allocation.decider] [Letha] high disk watermark exceeded on one or more nodes, rerouting shards
[2015-09-27 22:29:59,612][WARN ][cluster.routing.allocation.decider] [Letha] high disk watermark [90%] exceeded on [JvrsZgGDTrq4yylAh641hw][Letha] free: 6.6gb[5.8%], shards will be relocated away from this node
[2015-09-27 22:30:29,611][WARN ][cluster.routing.allocation.decider] [Letha] high disk watermark [90%] exceeded on [JvrsZgGDTrq4yylAh641hw][Letha] free: 6.6gb[5.8%], shards will be relocated away from this node
[2015-09-27 22:30:29,613][INFO ][cluster.routing.allocation.decider] [Letha] high disk watermark exceeded on one or more nodes, rerouting shards
[2015-09-27 22:30:59,610][WARN ][cluster.routing.allocation.decider] [Letha] high disk watermark [90%] exceeded on [JvrsZgGDTrq4yylAh641hw][Letha] free: 6.5gb[5.8%], shards will be relocated away from this node
[2015-09-27 22:31:29,609][WARN ][cluster.routing.allocation.decider] [Letha] high disk watermark [90%] exceeded on [JvrsZgGDTrq4yylAh641hw][Letha] free: 6.5gb[5.8%], shards will be relocated away from this node
[2015-09-27 22:31:29,609][INFO ][cluster.routing.allocation.decider] [Letha] high disk watermark exceeded on one or more nodes, rerouting shards
[2015-09-27 22:31:59,609][WARN ][cluster.routing.allocation.decider] [Letha] high disk watermark [90%] exceeded on [JvrsZgGDTrq4yylAh641hw][Letha] free: 6.5gb[5.8%], shards will be relocated away from this node
[2015-09-27 22:32:29,607][WARN ][cluster.routing.allocation.decider] [Letha] high disk watermark [90%] exceeded on [JvrsZgGDTrq4yylAh641hw][Letha] free: 6.5gb[5.8%], shards will be relocated away from this node
[2015-09-27 22:32:29,608][INFO ][cluster.routing.allocation.decider] [Letha] high disk watermark exceeded on one or more nodes, rerouting shards
[2015-09-27 22:32:59,607][WARN ][cluster.routing.allocation.decider] [Letha] high disk watermark [90%] exceeded on [JvrsZgGDTrq4yylAh641hw][Letha] free: 6.5gb[5.8%], shards will be relocated away from this node
[2015-09-27 22:33:29,607][WARN ][cluster.routing.allocation.decider] [Letha] high disk watermark [90%] exceeded on [JvrsZgGDTrq4yylAh641hw][Letha] free: 6.5gb[5.8%], shards will be relocated away from this node
[2015-09-27 22:33:29,607][INFO ][cluster.routing.allocation.decider] [Letha] high disk watermark exceeded on one or more nodes, rerouting shards
[2015-09-27 22:33:59,606][WARN ][cluster.routing.allocation.decider] [Letha] high disk watermark [90%] exceeded on [JvrsZgGDTrq4yylAh641hw][Letha] free: 6.5gb[5.8%], shards will be relocated away from this node
[2015-09-27 22:34:29,604][WARN ][cluster.routing.allocation.decider] [Letha] high disk watermark [90%] exceeded on [JvrsZgGDTrq4yylAh641hw][Letha] free: 6.5gb[5.8%], shards will be relocated away from this node
[2015-09-27 22:34:29,605][INFO ][cluster.routing.allocation.decider] [Letha] high disk watermark exceeded on one or more nodes, rerouting shards
[2015-09-27 22:34:58,193][INFO ][cluster.metadata         ] [Letha] [.kibana] create_mapping [index-pattern]
[2015-09-27 22:34:59,602][WARN ][cluster.routing.allocation.decider] [Letha] high disk watermark [90%] exceeded on [JvrsZgGDTrq4yylAh641hw][Letha] free: 6.5gb[5.8%], shards will be relocated away from this node
[2015-09-27 22:35:16,924][INFO ][cluster.metadata         ] [Letha] [.kibana] update_mapping [config] (dynamic)
[2015-09-27 22:35:29,601][WARN ][cluster.routing.allocation.decider] [Letha] high disk watermark [90%] exceeded on [JvrsZgGDTrq4yylAh641hw][Letha] free: 6.5gb[5.8%], shards will be relocated away from this node
[2015-09-27 22:35:29,601][INFO ][cluster.routing.allocation.decider] [Letha] high disk watermark exceeded on one or more nodes, rerouting shards
[2015-09-27 22:35:46,161][INFO ][cluster.metadata         ] [Letha] [.kibana] create_mapping [search]
[2015-09-27 22:35:53,853][INFO ][cluster.metadata         ] [Letha] [.kibana] create_mapping [dashboard]
[2015-09-27 22:35:59,601][WARN ][cluster.routing.allocation.decider] [Letha] high disk watermark [90%] exceeded on [JvrsZgGDTrq4yylAh641hw][Letha] free: 6.5gb[5.8%], shards will be relocated away from this node
[2015-09-27 22:36:26,200][INFO ][cluster.metadata         ] [Letha] [.kibana] create_mapping [visualization]
[2015-09-27 22:36:29,599][WARN ][cluster.routing.allocation.decider] [Letha] high disk watermark [90%] exceeded on [JvrsZgGDTrq4yylAh641hw][Letha] free: 6.5gb[5.8%], shards will be relocated away from this node
[2015-09-27 22:36:29,599][INFO ][cluster.routing.allocation.decider] [Letha] high disk watermark exceeded on one or more nodes, rerouting shards
[2015-09-27 22:36:59,597][WARN ][cluster.routing.allocation.decider] [Letha] high disk watermark [90%] exceeded on [JvrsZgGDTrq4yylAh641hw][Letha] free: 6.5gb[5.8%], shards will be relocated away from this node
[2015-09-27 22:37:29,596][WARN ][cluster.routing.allocation.decider] [Letha] high disk watermark [90%] exceeded on [JvrsZgGDTrq4yylAh641hw][Letha] free: 6.5gb[5.8%], shards will be relocated away from this node
[2015-09-27 22:37:29,598][INFO ][cluster.routing.allocation.decider] [Letha] high disk watermark exceeded on one or more nodes, rerouting shards
[2015-09-27 22:37:59,596][WARN ][cluster.routing.allocation.decider] [Letha] high disk watermark [90%] exceeded on [JvrsZgGDTrq4yylAh641hw][Letha] free: 6.5gb[5.8%], shards will be relocated away from this node
[2015-09-27 22:38:29,593][WARN ][cluster.routing.allocation.decider] [Letha] high disk watermark [90%] exceeded on [JvrsZgGDTrq4yylAh641hw][Letha] free: 6.5gb[5.8%], shards will be relocated away from this node
[2015-09-27 22:38:29,595][INFO ][cluster.routing.allocation.decider] [Letha] high disk watermark exceeded on one or more nodes, rerouting shards
[2015-09-27 22:38:59,593][WARN ][cluster.routing.allocation.decider] [Letha] high disk watermark [90%] exceeded on [JvrsZgGDTrq4yylAh641hw][Letha] free: 6.5gb[5.8%], shards will be relocated away from this node
[2015-09-27 22:39:29,634][WARN ][cluster.routing.allocation.decider] [Letha] high disk watermark [90%] exceeded on [JvrsZgGDTrq4yylAh641hw][Letha] free: 6.5gb[5.8%], shards will be relocated away from this node
[2015-09-27 22:39:29,634][INFO ][cluster.routing.allocation.decider] [Letha] high disk watermark exceeded on one or more nodes, rerouting shards
[2015-09-27 22:39:59,592][WARN ][cluster.routing.allocation.decider] [Letha] high disk watermark [90%] exceeded on [JvrsZgGDTrq4yylAh641hw][Letha] free: 6.5gb[5.8%], shards will be relocated away from this node
[2015-09-27 22:40:29,591][WARN ][cluster.routing.allocation.decider] [Letha] high disk watermark [90%] exceeded on [JvrsZgGDTrq4yylAh641hw][Letha] free: 6.5gb[5.8%], shards will be relocated away from this node
[2015-09-27 22:40:59,589][WARN ][cluster.routing.allocation.decider] [Letha] high disk watermark [90%] exceeded on [JvrsZgGDTrq4yylAh641hw][Letha] free: 6.5gb[5.8%], shards will be relocated away from this node
[2015-09-27 22:40:59,589][INFO ][cluster.routing.allocation.decider] [Letha] high disk watermark exceeded on one or more nodes, rerouting shards
[2015-09-27 22:41:29,588][WARN ][cluster.routing.allocation.decider] [Letha] high disk watermark [90%] exceeded on [JvrsZgGDTrq4yylAh641hw][Letha] free: 6.6gb[5.8%], shards will be relocated away from this node
[2015-09-27 22:41:59,587][WARN ][cluster.routing.allocation.decider] [Letha] high disk watermark [90%] exceeded on [JvrsZgGDTrq4yylAh641hw][Letha] free: 6.5gb[5.8%], shards will be relocated away from this node
[2015-09-27 22:41:59,590][INFO ][cluster.routing.allocation.decider] [Letha] high disk watermark exceeded on one or more nodes, rerouting shards
[2015-09-27 22:42:29,587][WARN ][cluster.routing.allocation.decider] [Letha] high disk watermark [90%] exceeded on [JvrsZgGDTrq4yylAh641hw][Letha] free: 6.5gb[5.8%], shards will be relocated away from this node
[2015-09-27 22:42:59,586][WARN ][cluster.routing.allocation.decider] [Letha] high disk watermark [90%] exceeded on [JvrsZgGDTrq4yylAh641hw][Letha] free: 6.5gb[5.8%], shards will be relocated away from this node
[2015-09-27 22:42:59,589][INFO ][cluster.routing.allocation.decider] [Letha] high disk watermark exceeded on one or more nodes, rerouting shards
[2015-09-27 22:43:29,584][WARN ][cluster.routing.allocation.decider] [Letha] high disk watermark [90%] exceeded on [JvrsZgGDTrq4yylAh641hw][Letha] free: 6.5gb[5.8%], shards will be relocated away from this node
[2015-09-27 22:43:59,583][WARN ][cluster.routing.allocation.decider] [Letha] high disk watermark [90%] exceeded on [JvrsZgGDTrq4yylAh641hw][Letha] free: 6.5gb[5.8%], shards will be relocated away from this node
[2015-09-27 22:44:29,582][WARN ][cluster.routing.allocation.decider] [Letha] high disk watermark [90%] exceeded on [JvrsZgGDTrq4yylAh641hw][Letha] free: 6.5gb[5.8%], shards will be relocated away from this node
[2015-09-27 22:44:29,584][INFO ][cluster.routing.allocation.decider] [Letha] high disk watermark exceeded on one or more nodes, rerouting shards
[2015-09-27 22:44:59,581][WARN ][cluster.routing.allocation.decider] [Letha] high disk watermark [90%] exceeded on [JvrsZgGDTrq4yylAh641hw][Letha] free: 6.5gb[5.8%], shards will be relocated away from this node
[2015-09-27 22:45:29,579][WARN ][cluster.routing.allocation.decider] [Letha] high disk watermark [90%] exceeded on [JvrsZgGDTrq4yylAh641hw][Letha] free: 6.5gb[5.8%], shards will be relocated away from this node
[2015-09-27 22:45:29,581][INFO ][cluster.routing.allocation.decider] [Letha] high disk watermark exceeded on one or more nodes, rerouting shards
[2015-09-27 22:45:59,579][WARN ][cluster.routing.allocation.decider] [Letha] high disk watermark [90%] exceeded on [JvrsZgGDTrq4yylAh641hw][Letha] free: 6.5gb[5.8%], shards will be relocated away from this node
[2015-09-27 22:46:29,577][WARN ][cluster.routing.allocation.decider] [Letha] high disk watermark [90%] exceeded on [JvrsZgGDTrq4yylAh641hw][Letha] free: 6.5gb[5.8%], shards will be relocated away from this node
[2015-09-27 22:46:29,579][INFO ][cluster.routing.allocation.decider] [Letha] high disk watermark exceeded on one or more nodes, rerouting shards
[2015-09-27 22:46:59,576][WARN ][cluster.routing.allocation.decider] [Letha] high disk watermark [90%] exceeded on [JvrsZgGDTrq4yylAh641hw][Letha] free: 6.5gb[5.8%], shards will be relocated away from this node
[2015-09-27 22:47:29,575][WARN ][cluster.routing.allocation.decider] [Letha] high disk watermark [90%] exceeded on [JvrsZgGDTrq4yylAh641hw][Letha] free: 6.5gb[5.8%], shards will be relocated away from this node
[2015-09-27 22:47:29,576][INFO ][cluster.routing.allocation.decider] [Letha] high disk watermark exceeded on one or more nodes, rerouting shards
[2015-09-27 22:47:59,576][WARN ][cluster.routing.allocation.decider] [Letha] high disk watermark [90%] exceeded on [JvrsZgGDTrq4yylAh641hw][Letha] free: 6.5gb[5.8%], shards will be relocated away from this node
[2015-09-27 22:48:29,573][WARN ][cluster.routing.allocation.decider] [Letha] high disk watermark [90%] exceeded on [JvrsZgGDTrq4yylAh641hw][Letha] free: 6.5gb[5.8%], shards will be relocated away from this node
[2015-09-27 22:48:29,573][INFO ][cluster.routing.allocation.decider] [Letha] high disk watermark exceeded on one or more nodes, rerouting shards
[2015-09-27 22:48:59,571][WARN ][cluster.routing.allocation.decider] [Letha] high disk watermark [90%] exceeded on [JvrsZgGDTrq4yylAh641hw][Letha] free: 6.5gb[5.8%], shards will be relocated away from this node
[2015-09-27 22:49:29,571][WARN ][cluster.routing.allocation.decider] [Letha] high disk watermark [90%] exceeded on [JvrsZgGDTrq4yylAh641hw][Letha] free: 6.5gb[5.8%], shards will be relocated away from this node
[2015-09-27 22:49:29,572][INFO ][cluster.routing.allocation.decider] [Letha] high disk watermark exceeded on one or more nodes, rerouting shards
[2015-09-27 22:49:59,570][WARN ][cluster.routing.allocation.decider] [Letha] high disk watermark [90%] exceeded on [JvrsZgGDTrq4yylAh641hw][Letha] free: 6.6gb[5.8%], shards will be relocated away from this node
[2015-09-27 22:50:29,569][WARN ][cluster.routing.allocation.decider] [Letha] high disk watermark [90%] exceeded on [JvrsZgGDTrq4yylAh641hw][Letha] free: 6.5gb[5.8%], shards will be relocated away from this node
[2015-09-27 22:50:29,569][INFO ][cluster.routing.allocation.decider] [Letha] high disk watermark exceeded on one or more nodes, rerouting shards
[2015-09-27 22:50:59,566][WARN ][cluster.routing.allocation.decider] [Letha] high disk watermark [90%] exceeded on [JvrsZgGDTrq4yylAh641hw][Letha] free: 6.5gb[5.8%], shards will be relocated away from this node
